<?xml version="1.0" encoding="UTF-8"?>
<!-- Generated by org.testng.reporters.JUnitReportReporter -->
<testsuite skipped="0" hostname="PRINHYLTPHP0404" name="com.test.TestNGSampleTest" tests="7" failures="0" timestamp="2020-01-09T09:54:37 IST" time="11.843" errors="0">
  <testcase name="searchPage" time="1.522" classname="com.test.TestNGSampleTest"/>
  <system-out/>
  <testcase name="loadPage" time="2.842" classname="com.test.TestNGSampleTest"/>
  <system-out/>
  <testcase name="firstCity" time="2.462" classname="com.test.TestNGSampleTest"/>
  <system-out/>
  <testcase name="secondCity" time="1.782" classname="com.test.TestNGSampleTest"/>
  <system-out/>
  <testcase name="timeDifference" time="0.098" classname="com.test.TestNGSampleTest"/>
  <system-out/>
  <testcase name="swappingCities" time="1.269" classname="com.test.TestNGSampleTest"/>
  <system-out/>
  <testcase name="deleteCity" time="1.868" classname="com.test.TestNGSampleTest"/>
  <system-out/>
</testsuite> <!-- com.test.TestNGSampleTest -->
